<?xml version="1.0" encoding="UTF-8"?>
<testng-results total="2" passed="2" failed="0" skipped="0">
  <reporter-output>
  </reporter-output>
  <suite started-at="2020-03-03T00:56:02Z" name="Default suite" finished-at="2020-03-03T00:56:04Z" duration-ms="1519">
    <groups>
    </groups>
    <test started-at="2020-03-03T00:56:02Z" name="Default test" finished-at="2020-03-03T00:56:04Z" duration-ms="1519">
      <class name="com.herokuapp.restfulbooker.HealthCheckTest">
        <test-method is-config="true" signature="setUp()[pri:0, instance:com.herokuapp.restfulbooker.HealthCheckTest@9225652]" started-at="2020-03-02T19:56:02Z" name="setUp" finished-at="2020-03-02T19:56:02Z" duration-ms="344" status="PASS">
          <reporter-output>
          </reporter-output>
        </test-method> <!-- setUp -->
        <test-method signature="headersAndCookiesTest()[pri:0, instance:com.herokuapp.restfulbooker.HealthCheckTest@9225652]" started-at="2020-03-02T19:56:02Z" name="headersAndCookiesTest" finished-at="2020-03-02T19:56:03Z" duration-ms="855" status="PASS">
          <reporter-output>
          </reporter-output>
        </test-method> <!-- headersAndCookiesTest -->
        <test-method is-config="true" signature="setUp()[pri:0, instance:com.herokuapp.restfulbooker.HealthCheckTest@9225652]" started-at="2020-03-02T19:56:03Z" name="setUp" finished-at="2020-03-02T19:56:03Z" duration-ms="1" status="PASS">
          <reporter-output>
          </reporter-output>
        </test-method> <!-- setUp -->
        <test-method signature="healthCheckTest()[pri:0, instance:com.herokuapp.restfulbooker.HealthCheckTest@9225652]" started-at="2020-03-02T19:56:03Z" name="healthCheckTest" finished-at="2020-03-02T19:56:04Z" duration-ms="307" status="PASS">
          <reporter-output>
          </reporter-output>
        </test-method> <!-- healthCheckTest -->
      </class> <!-- com.herokuapp.restfulbooker.HealthCheckTest -->
    </test> <!-- Default test -->
  </suite> <!-- Default suite -->
</testng-results>
