<?xml version="1.0" encoding="UTF-8"?>
<testng-results total="1" passed="1" failed="0" skipped="0">
  <reporter-output>
  </reporter-output>
  <suite started-at="2020-02-26T01:22:18Z" name="Default suite" finished-at="2020-02-26T01:22:19Z" duration-ms="1401">
    <groups>
    </groups>
    <test started-at="2020-02-26T01:22:18Z" name="Default test" finished-at="2020-02-26T01:22:19Z" duration-ms="1401">
      <class name="com.herokuapp.restfulbooker.GetBookingTests">
        <test-method signature="getBookingTest()[pri:0, instance:com.herokuapp.restfulbooker.GetBookingTests@3e2e18f2]" started-at="2020-02-25T20:22:18Z" name="getBookingTest" finished-at="2020-02-25T20:22:19Z" duration-ms="1389" status="PASS">
          <reporter-output>
          </reporter-output>
        </test-method> <!-- getBookingTest -->
      </class> <!-- com.herokuapp.restfulbooker.GetBookingTests -->
    </test> <!-- Default test -->
  </suite> <!-- Default suite -->
</testng-results>
