<?xml version="1.0" encoding="UTF-8"?>
<!-- Generated by org.testng.reporters.JUnitXMLReporter -->
<testsuite hostname="DESKTOP-URFV0HQ" failures="0" tests="2" name="Default test" time="1.678" errors="0" timestamp="29 Feb 2020 17:34:58 GMT">
  <testcase classname="com.herokuapp.restfulbooker.GetBookingIdsTests" name="getBookingIdsWithFilterTest" time="1.037"/>
  <testcase classname="com.herokuapp.restfulbooker.GetBookingIdsTests" name="getBookingIdsWithoutFilterTest" time="0.286"/>
</testsuite> <!-- Default test -->
