<?xml version="1.0" encoding="UTF-8"?>
<testng-results total="1" passed="1" failed="0" skipped="0">
  <reporter-output>
  </reporter-output>
  <suite started-at="2020-02-29T01:00:48Z" name="Default suite" finished-at="2020-02-29T01:00:49Z" duration-ms="1725">
    <groups>
    </groups>
    <test started-at="2020-02-29T01:00:48Z" name="Default test" finished-at="2020-02-29T01:00:49Z" duration-ms="1725">
      <class name="com.herokuapp.restfulbooker.PartialUpdateBookingTests">
        <test-method signature="partialUpdateBookingTest()[pri:0, instance:com.herokuapp.restfulbooker.PartialUpdateBookingTests@353d0772]" started-at="2020-02-28T20:00:48Z" name="partialUpdateBookingTest" finished-at="2020-02-28T20:00:49Z" duration-ms="1713" status="PASS">
          <reporter-output>
          </reporter-output>
        </test-method> <!-- partialUpdateBookingTest -->
      </class> <!-- com.herokuapp.restfulbooker.PartialUpdateBookingTests -->
    </test> <!-- Default test -->
  </suite> <!-- Default suite -->
</testng-results>
