<?xml version="1.0" encoding="UTF-8"?>
<testng-results total="1" passed="1" failed="0" skipped="0">
  <reporter-output>
  </reporter-output>
  <suite started-at="2020-02-29T17:11:02Z" name="Default suite" finished-at="2020-02-29T17:11:04Z" duration-ms="1944">
    <groups>
    </groups>
    <test started-at="2020-02-29T17:11:02Z" name="Default test" finished-at="2020-02-29T17:11:04Z" duration-ms="1944">
      <class name="com.herokuapp.restfulbooker.DeleteBookingTests">
        <test-method is-config="true" signature="setUp()[pri:0, instance:com.herokuapp.restfulbooker.DeleteBookingTests@64cd705f]" started-at="2020-02-29T12:11:02Z" name="setUp" finished-at="2020-02-29T12:11:02Z" duration-ms="339" status="PASS">
          <reporter-output>
          </reporter-output>
        </test-method> <!-- setUp -->
        <test-method signature="deleteBookingTest()[pri:0, instance:com.herokuapp.restfulbooker.DeleteBookingTests@64cd705f]" started-at="2020-02-29T12:11:02Z" name="deleteBookingTest" finished-at="2020-02-29T12:11:04Z" duration-ms="1594" status="PASS">
          <reporter-output>
          </reporter-output>
        </test-method> <!-- deleteBookingTest -->
      </class> <!-- com.herokuapp.restfulbooker.DeleteBookingTests -->
    </test> <!-- Default test -->
  </suite> <!-- Default suite -->
</testng-results>
