<?xml version="1.0" encoding="UTF-8"?>
<testng-results total="1" passed="1" failed="0" skipped="0">
  <reporter-output>
  </reporter-output>
  <suite started-at="2020-02-29T17:20:40Z" name="Default suite" finished-at="2020-02-29T17:20:42Z" duration-ms="1721">
    <groups>
    </groups>
    <test started-at="2020-02-29T17:20:40Z" name="Default test" finished-at="2020-02-29T17:20:42Z" duration-ms="1721">
      <class name="com.herokuapp.restfulbooker.GetBookingTests">
        <test-method is-config="true" signature="setUp()[pri:0, instance:com.herokuapp.restfulbooker.GetBookingTests@64cd705f]" started-at="2020-02-29T12:20:40Z" name="setUp" finished-at="2020-02-29T12:20:40Z" duration-ms="345" status="PASS">
          <reporter-output>
          </reporter-output>
        </test-method> <!-- setUp -->
        <test-method signature="getBookingTest()[pri:0, instance:com.herokuapp.restfulbooker.GetBookingTests@64cd705f]" started-at="2020-02-29T12:20:40Z" name="getBookingTest" finished-at="2020-02-29T12:20:42Z" duration-ms="1363" status="PASS">
          <reporter-output>
          </reporter-output>
        </test-method> <!-- getBookingTest -->
      </class> <!-- com.herokuapp.restfulbooker.GetBookingTests -->
    </test> <!-- Default test -->
  </suite> <!-- Default suite -->
</testng-results>
