<?xml version="1.0" encoding="UTF-8"?>
<testng-results total="1" passed="1" failed="0" skipped="0">
  <reporter-output>
  </reporter-output>
  <suite started-at="2020-02-29T01:14:40Z" name="Default suite" finished-at="2020-02-29T01:14:43Z" duration-ms="2899">
    <groups>
    </groups>
    <test started-at="2020-02-29T01:14:40Z" name="Default test" finished-at="2020-02-29T01:14:43Z" duration-ms="2899">
      <class name="com.herokuapp.restfulbooker.DeleteBookingTests">
        <test-method signature="deleteBookingTest()[pri:0, instance:com.herokuapp.restfulbooker.DeleteBookingTests@353d0772]" started-at="2020-02-28T20:14:41Z" name="deleteBookingTest" finished-at="2020-02-28T20:14:43Z" duration-ms="2887" status="PASS">
          <reporter-output>
          </reporter-output>
        </test-method> <!-- deleteBookingTest -->
      </class> <!-- com.herokuapp.restfulbooker.DeleteBookingTests -->
    </test> <!-- Default test -->
  </suite> <!-- Default suite -->
</testng-results>
